<?xml version="1.0" encoding="UTF-8"?>
<!-- Generated by org.testng.reporters.JUnitReportReporter -->
<testsuite skipped="0" hostname="Priyanka-PC" name="testCases.general_test_cases" tests="11" failures="0" timestamp="22 Mar 2020 06:45:25 GMT" time="55.354" errors="0">
  <testcase name="tc_007" time="0.362" classname="testCases.general_test_cases"/>
  <testcase name="tc_001" time="10.217" classname="testCases.general_test_cases"/>
  <testcase name="tc_009" time="0.239" classname="testCases.general_test_cases"/>
  <testcase name="tc_002" time="18.850" classname="testCases.general_test_cases"/>
  <testcase name="tc_003" time="0.450" classname="testCases.general_test_cases"/>
  <testcase name="tc_010" time="12.831" classname="testCases.general_test_cases"/>
  <testcase name="tc_004" time="0.056" classname="testCases.general_test_cases"/>
  <testcase name="tc_005" time="0.909" classname="testCases.general_test_cases"/>
  <testcase name="tc_008" time="1.406" classname="testCases.general_test_cases"/>
  <testcase name="tc_006" time="2.148" classname="testCases.general_test_cases"/>
  <testcase name="tc_011" time="7.886" classname="testCases.general_test_cases"/>
</testsuite> <!-- testCases.general_test_cases -->
